[2017-01-09 17:19:08] production.ERROR: Symfony\Component\Debug\Exception\FatalThrowableError: Class 'Barryvdh\LaravelIdeHelper\IdeHelperServiceProvider' not found in D:\Laravel\Code\universe\vendor\laravel\framework\src\Illuminate\Foundation\ProviderRepository.php:146
Stack trace:
#0 D:\Laravel\Code\universe\vendor\laravel\framework\src\Illuminate\Foundation\ProviderRepository.php(114): Illuminate\Foundation\ProviderRepository->createProvider('Barryvdh\\Larave...')
#1 D:\Laravel\Code\universe\vendor\laravel\framework\src\Illuminate\Foundation\ProviderRepository.php(60): Illuminate\Foundation\ProviderRepository->compileManifest(Array)
#2 D:\Laravel\Code\universe\vendor\laravel\framework\src\Illuminate\Foundation\Application.php(540): Illuminate\Foundation\ProviderRepository->load(Array)
#3 D:\Laravel\Code\universe\vendor\laravel\framework\src\Illuminate\Foundation\Bootstrap\RegisterProviders.php(17): Illuminate\Foundation\Application->registerConfiguredProviders()
#4 D:\Laravel\Code\universe\vendor\laravel\framework\src\Illuminate\Foundation\Application.php(203): Illuminate\Foundation\Bootstrap\RegisterProviders->bootstrap(Object(Illuminate\Foundation\Application))
#5 D:\Laravel\Code\universe\vendor\laravel\framework\src\Illuminate\Foundation\Console\Kernel.php(267): Illuminate\Foundation\Application->bootstrapWith(Array)
#6 D:\Laravel\Code\universe\vendor\laravel\framework\src\Illuminate\Foundation\Console\Kernel.php(113): Illuminate\Foundation\Console\Kernel->bootstrap()
#7 D:\Laravel\Code\universe\artisan(35): Illuminate\Foundation\Console\Kernel->handle(Object(Symfony\Component\Console\Input\ArgvInput), Object(Symfony\Component\Console\Output\ConsoleOutput))
#8 {main}  
[2017-01-09 17:24:15] production.ERROR: Symfony\Component\Debug\Exception\FatalThrowableError: Class 'Barryvdh\LaravelIdeHelper\IdeHelperServiceProvider' not found in D:\Laravel\Code\universe\vendor\laravel\framework\src\Illuminate\Foundation\ProviderRepository.php:146
Stack trace:
#0 D:\Laravel\Code\universe\vendor\laravel\framework\src\Illuminate\Foundation\ProviderRepository.php(114): Illuminate\Foundation\ProviderRepository->createProvider('Barryvdh\\Larave...')
#1 D:\Laravel\Code\universe\vendor\laravel\framework\src\Illuminate\Foundation\ProviderRepository.php(60): Illuminate\Foundation\ProviderRepository->compileManifest(Array)
#2 D:\Laravel\Code\universe\vendor\laravel\framework\src\Illuminate\Foundation\Application.php(540): Illuminate\Foundation\ProviderRepository->load(Array)
#3 D:\Laravel\Code\universe\vendor\laravel\framework\src\Illuminate\Foundation\Bootstrap\RegisterProviders.php(17): Illuminate\Foundation\Application->registerConfiguredProviders()
#4 D:\Laravel\Code\universe\vendor\laravel\framework\src\Illuminate\Foundation\Application.php(203): Illuminate\Foundation\Bootstrap\RegisterProviders->bootstrap(Object(Illuminate\Foundation\Application))
#5 D:\Laravel\Code\universe\vendor\laravel\framework\src\Illuminate\Foundation\Console\Kernel.php(267): Illuminate\Foundation\Application->bootstrapWith(Array)
#6 D:\Laravel\Code\universe\vendor\laravel\framework\src\Illuminate\Foundation\Console\Kernel.php(113): Illuminate\Foundation\Console\Kernel->bootstrap()
#7 D:\Laravel\Code\universe\artisan(35): Illuminate\Foundation\Console\Kernel->handle(Object(Symfony\Component\Console\Input\ArgvInput), Object(Symfony\Component\Console\Output\ConsoleOutput))
#8 {main}  
[2017-01-09 17:25:52] production.ERROR: Symfony\Component\Debug\Exception\FatalThrowableError: Class 'Barryvdh\LaravelIdeHelper\IdeHelperServiceProvider' not found in D:\Laravel\Code\universe\vendor\laravel\framework\src\Illuminate\Foundation\ProviderRepository.php:146
Stack trace:
#0 D:\Laravel\Code\universe\vendor\laravel\framework\src\Illuminate\Foundation\ProviderRepository.php(114): Illuminate\Foundation\ProviderRepository->createProvider('Barryvdh\\Larave...')
#1 D:\Laravel\Code\universe\vendor\laravel\framework\src\Illuminate\Foundation\ProviderRepository.php(60): Illuminate\Foundation\ProviderRepository->compileManifest(Array)
#2 D:\Laravel\Code\universe\vendor\laravel\framework\src\Illuminate\Foundation\Application.php(540): Illuminate\Foundation\ProviderRepository->load(Array)
#3 D:\Laravel\Code\universe\vendor\laravel\framework\src\Illuminate\Foundation\Bootstrap\RegisterProviders.php(17): Illuminate\Foundation\Application->registerConfiguredProviders()
#4 D:\Laravel\Code\universe\vendor\laravel\framework\src\Illuminate\Foundation\Application.php(203): Illuminate\Foundation\Bootstrap\RegisterProviders->bootstrap(Object(Illuminate\Foundation\Application))
#5 D:\Laravel\Code\universe\vendor\laravel\framework\src\Illuminate\Foundation\Console\Kernel.php(267): Illuminate\Foundation\Application->bootstrapWith(Array)
#6 D:\Laravel\Code\universe\vendor\laravel\framework\src\Illuminate\Foundation\Console\Kernel.php(113): Illuminate\Foundation\Console\Kernel->bootstrap()
#7 D:\Laravel\Code\universe\artisan(35): Illuminate\Foundation\Console\Kernel->handle(Object(Symfony\Component\Console\Input\ArgvInput), Object(Symfony\Component\Console\Output\ConsoleOutput))
#8 {main}  
